c:\users\aklat_000\dropbox\projectfactions\build\vs2012\projectfactions\phage\release\vc120.pdb
c:\users\aklat_000\dropbox\projectfactions\build\vs2012\projectfactions\phage\release\phage_uitexturequad.obj
c:\users\aklat_000\dropbox\projectfactions\build\vs2012\projectfactions\phage\release\phage_uitext.obj
c:\users\aklat_000\dropbox\projectfactions\build\vs2012\projectfactions\phage\release\phage_uilinerect.obj
c:\users\aklat_000\dropbox\projectfactions\build\vs2012\projectfactions\phage\release\phage_uientity.obj
c:\users\aklat_000\dropbox\projectfactions\build\vs2012\projectfactions\phage\release\phage_terraintexture.obj
c:\users\aklat_000\dropbox\projectfactions\build\vs2012\projectfactions\phage\release\phage_terrainmeshpatch.obj
c:\users\aklat_000\dropbox\projectfactions\build\vs2012\projectfactions\phage\release\phage_terrainmesh.obj
c:\users\aklat_000\dropbox\projectfactions\build\vs2012\projectfactions\phage\release\phage_terraindecal.obj
c:\users\aklat_000\dropbox\projectfactions\build\vs2012\projectfactions\phage\release\phage_terrain.obj
c:\users\aklat_000\dropbox\projectfactions\build\vs2012\projectfactions\phage\release\phage_shader.obj
c:\users\aklat_000\dropbox\projectfactions\build\vs2012\projectfactions\phage\release\phage_scene.obj
c:\users\aklat_000\dropbox\projectfactions\build\vs2012\projectfactions\phage\release\phage_mvp.obj
c:\users\aklat_000\dropbox\projectfactions\build\vs2012\projectfactions\phage\release\phage_model.obj
c:\users\aklat_000\dropbox\projectfactions\build\vs2012\projectfactions\phage\release\phage_matrix.obj
c:\users\aklat_000\dropbox\projectfactions\build\vs2012\projectfactions\phage\release\phage_entity.obj
c:\users\aklat_000\dropbox\projectfactions\build\vs2012\projectfactions\phage\release\phage_math.obj
c:\users\aklat_000\dropbox\projectfactions\build\vs2012\projectfactions\phage\release\phage_boundingbox.obj
c:\users\aklat_000\dropbox\projectfactions\build\vs2012\projectfactions\phage\release\phage_framebuffer.obj
c:\users\aklat_000\dropbox\projectfactions\build\vs2012\projectfactions\phage\release\phage_camerawrapper.obj
c:\users\aklat_000\dropbox\projectfactions\build\vs2012\projectfactions\phage\release\phage_camera.obj
c:\users\aklat_000\dropbox\projectfactions\build\vs2012\projectfactions\phage\release\phage_window.obj
c:\users\aklat_000\dropbox\projectfactions\build\vs2012\projectfactions\phage\release\phage_propdesc.obj
c:\users\aklat_000\dropbox\projectfactions\build\vs2012\projectfactions\phage\release\phage_prop.obj
c:\users\aklat_000\dropbox\projectfactions\build\vs2012\projectfactions\release\phage.lib
c:\users\aklat_000\dropbox\projectfactions\build\vs2012\projectfactions\phage\../release/phage.lib
c:\users\aklat_000\dropbox\projectfactions\build\vs2012\projectfactions\phage\release\phage.tlog\cl.command.1.tlog
c:\users\aklat_000\dropbox\projectfactions\build\vs2012\projectfactions\phage\release\phage.tlog\cl.read.1.tlog
c:\users\aklat_000\dropbox\projectfactions\build\vs2012\projectfactions\phage\release\phage.tlog\cl.write.1.tlog
c:\users\aklat_000\dropbox\projectfactions\build\vs2012\projectfactions\phage\release\phage.tlog\lib-link.read.1.tlog
c:\users\aklat_000\dropbox\projectfactions\build\vs2012\projectfactions\phage\release\phage.tlog\lib-link.write.1.tlog
c:\users\aklat_000\dropbox\projectfactions\build\vs2012\projectfactions\phage\release\phage.tlog\lib.command.1.tlog
