c:\users\aklat_000\dropbox\projectfactions\build\vs2012\projectfactions\parser\release\vc120.pdb
c:\users\aklat_000\dropbox\projectfactions\build\vs2012\projectfactions\parser\release\projectilexml.obj
c:\users\aklat_000\dropbox\projectfactions\build\vs2012\projectfactions\parser\release\projectilelistxmlcreator.obj
c:\users\aklat_000\dropbox\projectfactions\build\vs2012\projectfactions\parser\release\projectilelistxml.obj
c:\users\aklat_000\dropbox\projectfactions\build\vs2012\projectfactions\parser\release\parser.obj
c:\users\aklat_000\dropbox\projectfactions\build\vs2012\projectfactions\parser\release\factionxmldata.obj
c:\users\aklat_000\dropbox\projectfactions\build\vs2012\projectfactions\parser\release\factionsxmlparser.obj
c:\users\aklat_000\dropbox\projectfactions\build\vs2012\projectfactions\parser\release\factionsxml.obj
c:\users\aklat_000\dropbox\projectfactions\build\vs2012\projectfactions\parser\release\factionlistxmlparser.obj
c:\users\aklat_000\dropbox\projectfactions\build\vs2012\projectfactions\parser\release\factionlistxml.obj
c:\users\aklat_000\dropbox\projectfactions\build\vs2012\projectfactions\parser\release\entityxmltag.obj
c:\users\aklat_000\dropbox\projectfactions\build\vs2012\projectfactions\parser\release\entityxmlparser.obj
c:\users\aklat_000\dropbox\projectfactions\build\vs2012\projectfactions\parser\release\entityxmlcreator.obj
c:\users\aklat_000\dropbox\projectfactions\build\vs2012\projectfactions\parser\release\entityxml.obj
c:\users\aklat_000\dropbox\projectfactions\build\vs2012\projectfactions\parser\release\entitylistxmlcreator.obj
c:\users\aklat_000\dropbox\projectfactions\build\vs2012\projectfactions\parser\release\entitylistxml.obj
c:\users\aklat_000\dropbox\projectfactions\build\vs2012\projectfactions\parser\release\debugentityxmlparser.obj
c:\users\aklat_000\dropbox\projectfactions\build\vs2012\projectfactions\parser\release\actionxmlcreator.obj
c:\users\aklat_000\dropbox\projectfactions\build\vs2012\projectfactions\parser\release\actionxml.obj
c:\users\aklat_000\dropbox\projectfactions\build\vs2012\projectfactions\parser\release\actionlistxmlcreator.obj
c:\users\aklat_000\dropbox\projectfactions\build\vs2012\projectfactions\parser\release\actionlistxml.obj
c:\users\aklat_000\dropbox\projectfactions\build\vs2012\projectfactions\parser\release\shaderlistxmlparser.obj
c:\users\aklat_000\dropbox\projectfactions\build\vs2012\projectfactions\parser\release\shaderlistxml.obj
c:\users\aklat_000\dropbox\projectfactions\build\vs2012\projectfactions\parser\release\propxmlcreator.obj
c:\users\aklat_000\dropbox\projectfactions\build\vs2012\projectfactions\parser\release\propxml.obj
c:\users\aklat_000\dropbox\projectfactions\build\vs2012\projectfactions\parser\release\projectilexmlcreator.obj
c:\users\aklat_000\dropbox\projectfactions\build\vs2012\projectfactions\release\parser.lib
c:\users\aklat_000\dropbox\projectfactions\build\vs2012\projectfactions\parser\../release/parser.lib
c:\users\aklat_000\dropbox\projectfactions\build\vs2012\projectfactions\parser\release\parser.tlog\cl.command.1.tlog
c:\users\aklat_000\dropbox\projectfactions\build\vs2012\projectfactions\parser\release\parser.tlog\cl.read.1.tlog
c:\users\aklat_000\dropbox\projectfactions\build\vs2012\projectfactions\parser\release\parser.tlog\cl.write.1.tlog
c:\users\aklat_000\dropbox\projectfactions\build\vs2012\projectfactions\parser\release\parser.tlog\lib-link.read.1.tlog
c:\users\aklat_000\dropbox\projectfactions\build\vs2012\projectfactions\parser\release\parser.tlog\lib-link.write.1.tlog
c:\users\aklat_000\dropbox\projectfactions\build\vs2012\projectfactions\parser\release\parser.tlog\lib.command.1.tlog
