c:\users\aklat_000\dropbox\projectfactions\build\vs2012\projectfactions\engine\release\vc120.pdb
c:\users\aklat_000\dropbox\projectfactions\build\vs2012\projectfactions\engine\release\entitystatsbase.obj
c:\users\aklat_000\dropbox\projectfactions\build\vs2012\projectfactions\engine\release\entityselectionlist.obj
c:\users\aklat_000\dropbox\projectfactions\build\vs2012\projectfactions\engine\release\entityselectionhandler.obj
c:\users\aklat_000\dropbox\projectfactions\build\vs2012\projectfactions\engine\release\entityrenderer.obj
c:\users\aklat_000\dropbox\projectfactions\build\vs2012\projectfactions\engine\release\entitymouseoverlist.obj
c:\users\aklat_000\dropbox\projectfactions\build\vs2012\projectfactions\engine\release\entitymap.obj
c:\users\aklat_000\dropbox\projectfactions\build\vs2012\projectfactions\engine\release\entitymanager.obj
c:\users\aklat_000\dropbox\projectfactions\build\vs2012\projectfactions\engine\release\entityanimationhandler.obj
c:\users\aklat_000\dropbox\projectfactions\build\vs2012\projectfactions\engine\release\debugentityrenderer.obj
c:\users\aklat_000\dropbox\projectfactions\build\vs2012\projectfactions\engine\release\bloom.obj
c:\users\aklat_000\dropbox\projectfactions\build\vs2012\projectfactions\engine\release\actionsystem.obj
c:\users\aklat_000\dropbox\projectfactions\build\vs2012\projectfactions\engine\release\actionprogressqueue.obj
c:\users\aklat_000\dropbox\projectfactions\build\vs2012\projectfactions\engine\release\actionparser.obj
c:\users\aklat_000\dropbox\projectfactions\build\vs2012\projectfactions\engine\release\actionmanagerinterface.obj
c:\users\aklat_000\dropbox\projectfactions\build\vs2012\projectfactions\engine\release\actionmanager.obj
c:\users\aklat_000\dropbox\projectfactions\build\vs2012\projectfactions\engine\release\actionlistparser.obj
c:\users\aklat_000\dropbox\projectfactions\build\vs2012\projectfactions\engine\release\actionlistcreator.obj
c:\users\aklat_000\dropbox\projectfactions\build\vs2012\projectfactions\engine\release\actionlist.obj
c:\users\aklat_000\dropbox\projectfactions\build\vs2012\projectfactions\engine\release\actionarray.obj
c:\users\aklat_000\dropbox\projectfactions\build\vs2012\projectfactions\engine\release\action.obj
c:\users\aklat_000\dropbox\projectfactions\build\vs2012\projectfactions\engine\release\lmattack.obj
c:\users\aklat_000\dropbox\projectfactions\build\vs2012\projectfactions\engine\release\input.obj
c:\users\aklat_000\dropbox\projectfactions\build\vs2012\projectfactions\engine\release\game.obj
c:\users\aklat_000\dropbox\projectfactions\build\vs2012\projectfactions\engine\release\factionbaselist.obj
c:\users\aklat_000\dropbox\projectfactions\build\vs2012\projectfactions\engine\release\factionbase.obj
c:\users\aklat_000\dropbox\projectfactions\build\vs2012\projectfactions\engine\release\entitybasecreator.obj
c:\users\aklat_000\dropbox\projectfactions\build\vs2012\projectfactions\engine\release\entitystats.obj
c:\users\aklat_000\dropbox\projectfactions\build\vs2012\projectfactions\engine\release\entityprocesseventqueue.obj
c:\users\aklat_000\dropbox\projectfactions\build\vs2012\projectfactions\engine\release\entityprocessevent.obj
c:\users\aklat_000\dropbox\projectfactions\build\vs2012\projectfactions\engine\release\entitylist.obj
c:\users\aklat_000\dropbox\projectfactions\build\vs2012\projectfactions\engine\release\entityeventqueue.obj
c:\users\aklat_000\dropbox\projectfactions\build\vs2012\projectfactions\engine\release\entityevent.obj
c:\users\aklat_000\dropbox\projectfactions\build\vs2012\projectfactions\engine\release\entitybaselist.obj
c:\users\aklat_000\dropbox\projectfactions\build\vs2012\projectfactions\engine\release\entitybase.obj
c:\users\aklat_000\dropbox\projectfactions\build\vs2012\projectfactions\engine\release\entity.obj
c:\users\aklat_000\dropbox\projectfactions\build\vs2012\projectfactions\engine\release\entityxmltags.obj
c:\users\aklat_000\dropbox\projectfactions\build\vs2012\projectfactions\engine\release\oldentityxmlparser.obj
c:\users\aklat_000\dropbox\projectfactions\build\vs2012\projectfactions\engine\release\entityxml.obj
c:\users\aklat_000\dropbox\projectfactions\build\vs2012\projectfactions\engine\release\debugentityxmlparser.obj
c:\users\aklat_000\dropbox\projectfactions\build\vs2012\projectfactions\engine\release\entitystatssystem.obj
c:\users\aklat_000\dropbox\projectfactions\build\vs2012\projectfactions\engine\release\projectile.obj
c:\users\aklat_000\dropbox\projectfactions\build\vs2012\projectfactions\engine\release\playerlist.obj
c:\users\aklat_000\dropbox\projectfactions\build\vs2012\projectfactions\engine\release\player.obj
c:\users\aklat_000\dropbox\projectfactions\build\vs2012\projectfactions\engine\release\particlesystem.obj
c:\users\aklat_000\dropbox\projectfactions\build\vs2012\projectfactions\engine\release\particle.obj
c:\users\aklat_000\dropbox\projectfactions\build\vs2012\projectfactions\engine\release\transformation.obj
c:\users\aklat_000\dropbox\projectfactions\build\vs2012\projectfactions\engine\release\ray.obj
c:\users\aklat_000\dropbox\projectfactions\build\vs2012\projectfactions\engine\release\path.obj
c:\users\aklat_000\dropbox\projectfactions\build\vs2012\projectfactions\engine\release\line2d.obj
c:\users\aklat_000\dropbox\projectfactions\build\vs2012\projectfactions\engine\release\euclideanvector2d.obj
c:\users\aklat_000\dropbox\projectfactions\build\vs2012\projectfactions\engine\release\boundingbox3dset.obj
c:\users\aklat_000\dropbox\projectfactions\build\vs2012\projectfactions\engine\release\boundingbox2dset.obj
c:\users\aklat_000\dropbox\projectfactions\build\vs2012\projectfactions\engine\release\boundingbox.obj
c:\users\aklat_000\dropbox\projectfactions\build\vs2012\projectfactions\engine\release\losmap.obj
c:\users\aklat_000\dropbox\projectfactions\build\vs2012\projectfactions\engine\release\lmtrain.obj
c:\users\aklat_000\dropbox\projectfactions\build\vs2012\projectfactions\engine\release\lmmovement.obj
c:\users\aklat_000\dropbox\projectfactions\build\vs2012\projectfactions\engine\release\lmgatherresource.obj
c:\users\aklat_000\dropbox\projectfactions\build\vs2012\projectfactions\engine\release\lmentityprocesseventhandler.obj
c:\users\aklat_000\dropbox\projectfactions\build\vs2012\projectfactions\engine\release\lmentityeventhandler.obj
c:\users\aklat_000\dropbox\projectfactions\build\vs2012\projectfactions\engine\release\lmbuild.obj
c:\users\aklat_000\dropbox\projectfactions\build\vs2012\projectfactions\engine\release\mmview.obj
c:\users\aklat_000\dropbox\projectfactions\build\vs2012\projectfactions\engine\release\mmpage.obj
c:\users\aklat_000\dropbox\projectfactions\build\vs2012\projectfactions\engine\release\mmbutton.obj
c:\users\aklat_000\dropbox\projectfactions\build\vs2012\projectfactions\engine\release\mmlanlobby.obj
c:\users\aklat_000\dropbox\projectfactions\build\vs2012\projectfactions\engine\release\mmlanhost.obj
c:\users\aklat_000\dropbox\projectfactions\build\vs2012\projectfactions\engine\release\mmhomepage.obj
c:\users\aklat_000\dropbox\projectfactions\build\vs2012\projectfactions\engine\release\menu.obj
c:\users\aklat_000\dropbox\projectfactions\build\vs2012\projectfactions\engine\release\mainmenu.obj
c:\users\aklat_000\dropbox\projectfactions\build\vs2012\projectfactions\engine\release\world.obj
c:\users\aklat_000\dropbox\projectfactions\build\vs2012\projectfactions\engine\release\tempentitymodelxmlcreator.obj
c:\users\aklat_000\dropbox\projectfactions\build\vs2012\projectfactions\engine\release\tempentitybaselistcreator.obj
c:\users\aklat_000\dropbox\projectfactions\build\vs2012\projectfactions\engine\release\tempentitybasecreator.obj
c:\users\aklat_000\dropbox\projectfactions\build\vs2012\projectfactions\engine\release\squadronmanager.obj
c:\users\aklat_000\dropbox\projectfactions\build\vs2012\projectfactions\engine\release\squadron.obj
c:\users\aklat_000\dropbox\projectfactions\build\vs2012\projectfactions\engine\release\group.obj
c:\users\aklat_000\dropbox\projectfactions\build\vs2012\projectfactions\engine\release\shadowmap.obj
c:\users\aklat_000\dropbox\projectfactions\build\vs2012\projectfactions\engine\release\projectilesystem.obj
c:\users\aklat_000\dropbox\projectfactions\build\vs2012\projectfactions\engine\release\projectilebase.obj
c:\users\aklat_000\dropbox\projectfactions\build\vs2012\projectfactions\engine\release\los.obj
c:\users\aklat_000\dropbox\projectfactions\build\vs2012\projectfactions\release\engine.lib
c:\users\aklat_000\dropbox\projectfactions\build\vs2012\projectfactions\engine\../release/engine.lib
c:\users\aklat_000\dropbox\projectfactions\build\vs2012\projectfactions\engine\release\engine.tlog\cl.command.1.tlog
c:\users\aklat_000\dropbox\projectfactions\build\vs2012\projectfactions\engine\release\engine.tlog\cl.read.1.tlog
c:\users\aklat_000\dropbox\projectfactions\build\vs2012\projectfactions\engine\release\engine.tlog\cl.write.1.tlog
c:\users\aklat_000\dropbox\projectfactions\build\vs2012\projectfactions\engine\release\engine.tlog\lib-link.read.1.tlog
c:\users\aklat_000\dropbox\projectfactions\build\vs2012\projectfactions\engine\release\engine.tlog\lib-link.write.1.tlog
c:\users\aklat_000\dropbox\projectfactions\build\vs2012\projectfactions\engine\release\engine.tlog\lib.command.1.tlog
