c:\users\aklat_000\dropbox\projectfactions\build\vs2012\projectfactions\terrain\release\vc120.pdb
c:\users\aklat_000\dropbox\projectfactions\build\vs2012\projectfactions\terrain\release\terraintilemap.obj
c:\users\aklat_000\dropbox\projectfactions\build\vs2012\projectfactions\terrain\release\terraintexture.obj
c:\users\aklat_000\dropbox\projectfactions\build\vs2012\projectfactions\terrain\release\terrainpainter.obj
c:\users\aklat_000\dropbox\projectfactions\build\vs2012\projectfactions\terrain\release\terrainoverlay.obj
c:\users\aklat_000\dropbox\projectfactions\build\vs2012\projectfactions\terrain\release\terrainmesh.obj
c:\users\aklat_000\dropbox\projectfactions\build\vs2012\projectfactions\terrain\release\terrainmapdebug.obj
c:\users\aklat_000\dropbox\projectfactions\build\vs2012\projectfactions\terrain\release\terrainmap.obj
c:\users\aklat_000\dropbox\projectfactions\build\vs2012\projectfactions\terrain\release\terraininfo.obj
c:\users\aklat_000\dropbox\projectfactions\build\vs2012\projectfactions\terrain\release\terraingriddebug.obj
c:\users\aklat_000\dropbox\projectfactions\build\vs2012\projectfactions\terrain\release\terraingrid.obj
c:\users\aklat_000\dropbox\projectfactions\build\vs2012\projectfactions\terrain\release\terrain.obj
c:\users\aklat_000\dropbox\projectfactions\build\vs2012\projectfactions\release\terrain.lib
c:\users\aklat_000\dropbox\projectfactions\build\vs2012\projectfactions\terrain\../release/terrain.lib
c:\users\aklat_000\dropbox\projectfactions\build\vs2012\projectfactions\terrain\release\terrain.tlog\cl.command.1.tlog
c:\users\aklat_000\dropbox\projectfactions\build\vs2012\projectfactions\terrain\release\terrain.tlog\cl.read.1.tlog
c:\users\aklat_000\dropbox\projectfactions\build\vs2012\projectfactions\terrain\release\terrain.tlog\cl.write.1.tlog
c:\users\aklat_000\dropbox\projectfactions\build\vs2012\projectfactions\terrain\release\terrain.tlog\lib-link.read.1.tlog
c:\users\aklat_000\dropbox\projectfactions\build\vs2012\projectfactions\terrain\release\terrain.tlog\lib-link.write.1.tlog
c:\users\aklat_000\dropbox\projectfactions\build\vs2012\projectfactions\terrain\release\terrain.tlog\lib.command.1.tlog
