C:\USERS\ARTHUR\DOCUMENTS\PROJECT FACTIONS\PROJECTFACTIONS\BUILD\VS2012\PROJECTFACTIONS\PROJECTFACTIONS\DEBUG\SHADER.OBJ
C:\USERS\ARTHUR\DOCUMENTS\PROJECT FACTIONS\PROJECTFACTIONS\BUILD\VS2012\PROJECTFACTIONS\PROJECTFACTIONS\DEBUG\VC110.PDB
C:\USERS\ARTHUR\DOCUMENTS\PROJECT FACTIONS\PROJECTFACTIONS\BUILD\VS2012\PROJECTFACTIONS\PROJECTFACTIONS\DEBUG\MAIN.OBJ
C:\USERS\ARTHUR\DOCUMENTS\PROJECT FACTIONS\PROJECTFACTIONS\BUILD\VS2012\PROJECTFACTIONS\DEBUG\PROJECTFACTIONS.ILK
C:\USERS\ARTHUR\DOCUMENTS\PROJECT FACTIONS\PROJECTFACTIONS\BUILD\VS2012\PROJECTFACTIONS\DEBUG\PROJECTFACTIONS.EXE
C:\USERS\ARTHUR\DOCUMENTS\PROJECT FACTIONS\PROJECTFACTIONS\BUILD\VS2012\PROJECTFACTIONS\DEBUG\PROJECTFACTIONS.PDB
C:\Users\Arthur\Documents\Project Factions\ProjectFactions\build\VS2012\ProjectFactions\ProjectFactions\Debug\main.obj
C:\Users\Arthur\Documents\Project Factions\ProjectFactions\build\VS2012\ProjectFactions\ProjectFactions\Debug\Shader.obj
C:\Users\Arthur\Documents\Project Factions\ProjectFactions\build\VS2012\ProjectFactions\ProjectFactions\Debug\cl.command.1.tlog
C:\Users\Arthur\Documents\Project Factions\ProjectFactions\build\VS2012\ProjectFactions\ProjectFactions\Debug\CL.read.1.tlog
C:\Users\Arthur\Documents\Project Factions\ProjectFactions\build\VS2012\ProjectFactions\ProjectFactions\Debug\CL.write.1.tlog
C:\Users\Arthur\Documents\Project Factions\ProjectFactions\build\VS2012\ProjectFactions\ProjectFactions\Debug\link-cvtres.read.1.tlog
C:\Users\Arthur\Documents\Project Factions\ProjectFactions\build\VS2012\ProjectFactions\ProjectFactions\Debug\link-cvtres.write.1.tlog
C:\Users\Arthur\Documents\Project Factions\ProjectFactions\build\VS2012\ProjectFactions\ProjectFactions\Debug\link-rc.read.1.tlog
C:\Users\Arthur\Documents\Project Factions\ProjectFactions\build\VS2012\ProjectFactions\ProjectFactions\Debug\link-rc.write.1.tlog
C:\Users\Arthur\Documents\Project Factions\ProjectFactions\build\VS2012\ProjectFactions\ProjectFactions\Debug\link.10588-cvtres.read.1.tlog
C:\Users\Arthur\Documents\Project Factions\ProjectFactions\build\VS2012\ProjectFactions\ProjectFactions\Debug\link.10588-cvtres.write.1.tlog
C:\Users\Arthur\Documents\Project Factions\ProjectFactions\build\VS2012\ProjectFactions\ProjectFactions\Debug\link.10588-rc.read.1.tlog
C:\Users\Arthur\Documents\Project Factions\ProjectFactions\build\VS2012\ProjectFactions\ProjectFactions\Debug\link.10588-rc.write.1.tlog
C:\Users\Arthur\Documents\Project Factions\ProjectFactions\build\VS2012\ProjectFactions\ProjectFactions\Debug\link.10588.read.1.tlog
C:\Users\Arthur\Documents\Project Factions\ProjectFactions\build\VS2012\ProjectFactions\ProjectFactions\Debug\link.10588.write.1.tlog
C:\Users\Arthur\Documents\Project Factions\ProjectFactions\build\VS2012\ProjectFactions\ProjectFactions\Debug\link.command.1.tlog
C:\Users\Arthur\Documents\Project Factions\ProjectFactions\build\VS2012\ProjectFactions\ProjectFactions\Debug\link.read.1.tlog
C:\Users\Arthur\Documents\Project Factions\ProjectFactions\build\VS2012\ProjectFactions\ProjectFactions\Debug\link.write.1.tlog
C:\Users\Arthur\Documents\Project Factions\ProjectFactions\build\VS2012\ProjectFactions\ProjectFactions\Debug\vc110.idb
C:\Users\Arthur\Documents\Project Factions\ProjectFactions\build\VS2012\ProjectFactions\ProjectFactions\Debug\vc110.pdb
C:\Users\Arthur\Documents\Project Factions\ProjectFactions\build\VS2012\ProjectFactions\Debug\ProjectFactions.pdb
C:\Users\Arthur\Documents\Project Factions\ProjectFactions\build\VS2012\ProjectFactions\Debug\ProjectFactions.exe
C:\Users\Arthur\Documents\Project Factions\ProjectFactions\build\VS2012\ProjectFactions\Debug\ProjectFactions.ilk
