Build started 4/26/2015 7:52:01 PM.
     1>Project "C:\Users\aklat_000\Dropbox\ProjectFactions\build\VS2012\ProjectFactions\Graphics_old\Graphics_old.vcxproj" on node 5 (Build target(s)).
     1>ClCompile:
         C:\Program Files (x86)\Microsoft Visual Studio 12.0\VC\bin\CL.exe /c /Zi /nologo /W3 /WX- /sdl /O2 /Oi /Oy- /GL /D _MBCS /Gm- /EHsc /MD /GS /Gy /fp:precise /Zc:wchar_t /Zc:forScope /Fo"Release\\" /Fd"Release\vc120.pdb" /Gd /TP /analyze- /errorReport:prompt ..\..\..\..\source\Game\ObjectModel\ObjectModel.cpp
         ObjectModel.cpp
       Lib:
         C:\Program Files (x86)\Microsoft Visual Studio 12.0\VC\bin\Lib.exe /OUT:"../Release/Graphics_old.lib" /NOLOGO /LTCG Release\Camera.obj
         Release\Animation.obj
         Release\Model.obj
         Release\Skeleton.obj
         Release\MVPMatrix.obj
         Release\OrthoDepth.obj
         Release\Shader.obj
         Release\Quad.obj
         Release\Texture.obj
         Release\TextureUtility.obj
         Release\ObjectAnimation.obj
         Release\ObjectModel.obj
         Release\ObjectModelXMLParser.obj
         Release\ObjectSkeleton.obj
         Graphics_old.vcxproj -> C:\Users\aklat_000\Dropbox\ProjectFactions\build\VS2012\ProjectFactions\Graphics_old\../Release/Graphics_old.lib
     1>Done Building Project "C:\Users\aklat_000\Dropbox\ProjectFactions\build\VS2012\ProjectFactions\Graphics_old\Graphics_old.vcxproj" (Build target(s)).

Build succeeded.

Time Elapsed 00:00:06.20
