c:\users\aklat_000\dropbox\projectfactions\build\vs2012\projectfactions\graphics_old\release\vc120.pdb
c:\users\aklat_000\dropbox\projectfactions\build\vs2012\projectfactions\graphics_old\release\objectskeleton.obj
c:\users\aklat_000\dropbox\projectfactions\build\vs2012\projectfactions\graphics_old\release\objectmodelxmlparser.obj
c:\users\aklat_000\dropbox\projectfactions\build\vs2012\projectfactions\graphics_old\release\objectmodel.obj
c:\users\aklat_000\dropbox\projectfactions\build\vs2012\projectfactions\graphics_old\release\objectanimation.obj
c:\users\aklat_000\dropbox\projectfactions\build\vs2012\projectfactions\graphics_old\release\textureutility.obj
c:\users\aklat_000\dropbox\projectfactions\build\vs2012\projectfactions\graphics_old\release\texture.obj
c:\users\aklat_000\dropbox\projectfactions\build\vs2012\projectfactions\graphics_old\release\quad.obj
c:\users\aklat_000\dropbox\projectfactions\build\vs2012\projectfactions\graphics_old\release\textureloader.obj
c:\users\aklat_000\dropbox\projectfactions\build\vs2012\projectfactions\graphics_old\release\shader.obj
c:\users\aklat_000\dropbox\projectfactions\build\vs2012\projectfactions\graphics_old\release\orthodepth.obj
c:\users\aklat_000\dropbox\projectfactions\build\vs2012\projectfactions\graphics_old\release\mvpmatrix.obj
c:\users\aklat_000\dropbox\projectfactions\build\vs2012\projectfactions\graphics_old\release\skeleton.obj
c:\users\aklat_000\dropbox\projectfactions\build\vs2012\projectfactions\graphics_old\release\model.obj
c:\users\aklat_000\dropbox\projectfactions\build\vs2012\projectfactions\graphics_old\release\animation.obj
c:\users\aklat_000\dropbox\projectfactions\build\vs2012\projectfactions\graphics_old\release\camera.obj
c:\users\aklat_000\dropbox\projectfactions\build\vs2012\projectfactions\release\graphics_old.lib
c:\users\aklat_000\dropbox\projectfactions\build\vs2012\projectfactions\graphics_old\../release/graphics_old.lib
c:\users\aklat_000\dropbox\projectfactions\build\vs2012\projectfactions\graphics_old\release\graphics_old.tlog\cl.command.1.tlog
c:\users\aklat_000\dropbox\projectfactions\build\vs2012\projectfactions\graphics_old\release\graphics_old.tlog\cl.read.1.tlog
c:\users\aklat_000\dropbox\projectfactions\build\vs2012\projectfactions\graphics_old\release\graphics_old.tlog\cl.write.1.tlog
c:\users\aklat_000\dropbox\projectfactions\build\vs2012\projectfactions\graphics_old\release\graphics_old.tlog\lib-link.read.1.tlog
c:\users\aklat_000\dropbox\projectfactions\build\vs2012\projectfactions\graphics_old\release\graphics_old.tlog\lib-link.write.1.tlog
c:\users\aklat_000\dropbox\projectfactions\build\vs2012\projectfactions\graphics_old\release\graphics_old.tlog\lib.command.1.tlog
