c:\users\aklat_000\dropbox\projectfactions\build\vs2012\projectfactions\gui\release\vc120.pdb
c:\users\aklat_000\dropbox\projectfactions\build\vs2012\projectfactions\gui\release\guiunitselectionbox.obj
c:\users\aklat_000\dropbox\projectfactions\build\vs2012\projectfactions\gui\release\guitexture.obj
c:\users\aklat_000\dropbox\projectfactions\build\vs2012\projectfactions\gui\release\guitext.obj
c:\users\aklat_000\dropbox\projectfactions\build\vs2012\projectfactions\gui\release\guirectangle.obj
c:\users\aklat_000\dropbox\projectfactions\build\vs2012\projectfactions\gui\release\guimanager.obj
c:\users\aklat_000\dropbox\projectfactions\build\vs2012\projectfactions\gui\release\guiicon.obj
c:\users\aklat_000\dropbox\projectfactions\build\vs2012\projectfactions\gui\release\guicursor.obj
c:\users\aklat_000\dropbox\projectfactions\build\vs2012\projectfactions\gui\release\uiprogressqueue.obj
c:\users\aklat_000\dropbox\projectfactions\build\vs2012\projectfactions\gui\release\resourcepanel.obj
c:\users\aklat_000\dropbox\projectfactions\build\vs2012\projectfactions\gui\release\objectpanel.obj
c:\users\aklat_000\dropbox\projectfactions\build\vs2012\projectfactions\gui\release\minimappanel.obj
c:\users\aklat_000\dropbox\projectfactions\build\vs2012\projectfactions\gui\release\guibottombarparser.obj
c:\users\aklat_000\dropbox\projectfactions\build\vs2012\projectfactions\gui\release\guibottombar.obj
c:\users\aklat_000\dropbox\projectfactions\build\vs2012\projectfactions\gui\release\actionpanel.obj
c:\users\aklat_000\dropbox\projectfactions\build\vs2012\projectfactions\release\gui.lib
c:\users\aklat_000\dropbox\projectfactions\build\vs2012\projectfactions\gui\../release/gui.lib
c:\users\aklat_000\dropbox\projectfactions\build\vs2012\projectfactions\gui\release\gui.tlog\cl.command.1.tlog
c:\users\aklat_000\dropbox\projectfactions\build\vs2012\projectfactions\gui\release\gui.tlog\cl.read.1.tlog
c:\users\aklat_000\dropbox\projectfactions\build\vs2012\projectfactions\gui\release\gui.tlog\cl.write.1.tlog
c:\users\aklat_000\dropbox\projectfactions\build\vs2012\projectfactions\gui\release\gui.tlog\lib-link.read.1.tlog
c:\users\aklat_000\dropbox\projectfactions\build\vs2012\projectfactions\gui\release\gui.tlog\lib-link.write.1.tlog
c:\users\aklat_000\dropbox\projectfactions\build\vs2012\projectfactions\gui\release\gui.tlog\lib.command.1.tlog
