c:\users\aklat_000\dropbox\projectfactions\build\vs2012\projectfactions\graphics\release\vc120.pdb
c:\users\aklat_000\dropbox\projectfactions\build\vs2012\projectfactions\graphics\release\textureutility.obj
c:\users\aklat_000\dropbox\projectfactions\build\vs2012\projectfactions\graphics\release\texture.obj
c:\users\aklat_000\dropbox\projectfactions\build\vs2012\projectfactions\graphics\release\quad.obj
c:\users\aklat_000\dropbox\projectfactions\build\vs2012\projectfactions\graphics\release\textureloader.obj
c:\users\aklat_000\dropbox\projectfactions\build\vs2012\projectfactions\graphics\release\shadermanager.obj
c:\users\aklat_000\dropbox\projectfactions\build\vs2012\projectfactions\graphics\release\shader.obj
c:\users\aklat_000\dropbox\projectfactions\build\vs2012\projectfactions\graphics\release\orthodepth.obj
c:\users\aklat_000\dropbox\projectfactions\build\vs2012\projectfactions\graphics\release\mvpmatrix.obj
c:\users\aklat_000\dropbox\projectfactions\build\vs2012\projectfactions\graphics\release\skeleton.obj
c:\users\aklat_000\dropbox\projectfactions\build\vs2012\projectfactions\graphics\release\model.obj
c:\users\aklat_000\dropbox\projectfactions\build\vs2012\projectfactions\graphics\release\animation.obj
c:\users\aklat_000\dropbox\projectfactions\build\vs2012\projectfactions\graphics\release\camera.obj
c:\users\aklat_000\dropbox\projectfactions\build\vs2012\projectfactions\graphics\release\bbmodel.obj
c:\users\aklat_000\dropbox\projectfactions\build\vs2012\projectfactions\graphics\release\objectskeleton.obj
c:\users\aklat_000\dropbox\projectfactions\build\vs2012\projectfactions\graphics\release\objectmodelxmlparser.obj
c:\users\aklat_000\dropbox\projectfactions\build\vs2012\projectfactions\graphics\release\objectmodel.obj
c:\users\aklat_000\dropbox\projectfactions\build\vs2012\projectfactions\graphics\release\objectanimation.obj
c:\users\aklat_000\dropbox\projectfactions\build\vs2012\projectfactions\release\graphics.lib
c:\users\aklat_000\dropbox\projectfactions\build\vs2012\projectfactions\graphics\../release/graphics.lib
c:\users\aklat_000\dropbox\projectfactions\build\vs2012\projectfactions\graphics\release\graphics.tlog\cl.command.1.tlog
c:\users\aklat_000\dropbox\projectfactions\build\vs2012\projectfactions\graphics\release\graphics.tlog\cl.read.1.tlog
c:\users\aklat_000\dropbox\projectfactions\build\vs2012\projectfactions\graphics\release\graphics.tlog\cl.write.1.tlog
c:\users\aklat_000\dropbox\projectfactions\build\vs2012\projectfactions\graphics\release\graphics.tlog\lib-link.read.1.tlog
c:\users\aklat_000\dropbox\projectfactions\build\vs2012\projectfactions\graphics\release\graphics.tlog\lib-link.write.1.tlog
c:\users\aklat_000\dropbox\projectfactions\build\vs2012\projectfactions\graphics\release\graphics.tlog\lib.command.1.tlog
