c:\users\aklat_000\dropbox\projectfactions\build\vs2012\projectfactions\renderer\release\vc120.pdb
c:\users\aklat_000\dropbox\projectfactions\build\vs2012\projectfactions\renderer\release\terraindecal.obj
c:\users\aklat_000\dropbox\projectfactions\build\vs2012\projectfactions\renderer\release\prop.obj
c:\users\aklat_000\dropbox\projectfactions\build\vs2012\projectfactions\renderer\release\phageterraindecal.obj
c:\users\aklat_000\dropbox\projectfactions\build\vs2012\projectfactions\renderer\release\phageentity.obj
c:\users\aklat_000\dropbox\projectfactions\build\vs2012\projectfactions\renderer\release\guitooltip.obj
c:\users\aklat_000\dropbox\projectfactions\build\vs2012\projectfactions\renderer\release\guitexture.obj
c:\users\aklat_000\dropbox\projectfactions\build\vs2012\projectfactions\renderer\release\entity.obj
c:\users\aklat_000\dropbox\projectfactions\build\vs2012\projectfactions\renderer\release\guitext.obj
c:\users\aklat_000\dropbox\projectfactions\build\vs2012\projectfactions\renderer\release\guirectangle.obj
c:\users\aklat_000\dropbox\projectfactions\build\vs2012\projectfactions\renderer\release\guilinerect.obj
c:\users\aklat_000\dropbox\projectfactions\build\vs2012\projectfactions\renderer\release\renderer.obj
c:\users\aklat_000\dropbox\projectfactions\build\vs2012\projectfactions\renderer\release\modelrenderer.obj
c:\users\aklat_000\dropbox\projectfactions\build\vs2012\projectfactions\renderer\release\guirenderer.obj
c:\users\aklat_000\dropbox\projectfactions\build\vs2012\projectfactions\renderer\../release/renderer.lib
c:\users\aklat_000\dropbox\projectfactions\build\vs2012\projectfactions\renderer\release\renderer.tlog\cl.command.1.tlog
c:\users\aklat_000\dropbox\projectfactions\build\vs2012\projectfactions\renderer\release\renderer.tlog\cl.read.1.tlog
c:\users\aklat_000\dropbox\projectfactions\build\vs2012\projectfactions\renderer\release\renderer.tlog\cl.write.1.tlog
c:\users\aklat_000\dropbox\projectfactions\build\vs2012\projectfactions\renderer\release\renderer.tlog\lib-link.read.1.tlog
c:\users\aklat_000\dropbox\projectfactions\build\vs2012\projectfactions\renderer\release\renderer.tlog\lib-link.write.1.tlog
c:\users\aklat_000\dropbox\projectfactions\build\vs2012\projectfactions\renderer\release\renderer.tlog\lib.command.1.tlog
